<?xml version="1.0" encoding="UTF-8"?>
<!-- Generated by org.testng.reporters.JUnitReportReporter -->
<testsuite skipped="0" hostname="DESKTOP-T3FFUFN" name="CucumberRunner.TestRunner" tests="2" failures="0" timestamp="2022-06-11T16:28:10 ICT" time="10.197" errors="0">
  <testcase name="runScenario" time="8.753" classname="CucumberRunner.TestRunner"/>
  <system-out/>
  <testcase name="runScenario" time="1.444" classname="CucumberRunner.TestRunner"/>
  <system-out/>
</testsuite> <!-- CucumberRunner.TestRunner -->
