<?xml version="1.0" encoding="UTF-8"?>
<!-- Generated by org.testng.reporters.JUnitReportReporter -->
<testsuite skipped="0" hostname="DESKTOP-T3FFUFN" name="CucumberRunner.TestRunner" tests="2" failures="0" timestamp="2022-07-30T23:41:02 ICT" time="9.846" errors="0">
  <testcase name="runScenario" time="1.186" classname="CucumberRunner.TestRunner"/>
  <system-out/>
  <testcase name="runScenario" time="8.660" classname="CucumberRunner.TestRunner"/>
  <system-out/>
</testsuite> <!-- CucumberRunner.TestRunner -->
